SF:lib/domain/entities/book.dart
DA:11,1
LF:1
LH:1
end_of_record
SF:lib/domain/usecases/get_book_usecase.dart
DA:6,1
DA:8,0
DA:9,0
LF:3
LH:1
end_of_record
SF:lib/presentation/bloc/book_bloc/book_bloc.dart
DA:17,3
DA:18,2
DA:20,3
DA:21,1
DA:22,2
DA:24,2
DA:25,5
DA:27,4
DA:29,1
DA:30,4
DA:32,2
DA:33,4
DA:34,2
DA:37,3
LF:14
LH:14
end_of_record
SF:lib/presentation/bloc/book_bloc/book_event.dart
DA:7,1
LF:1
LH:1
end_of_record
SF:lib/presentation/bloc/book_bloc/book_state.dart
DA:5,2
DA:7,0
DA:8,0
DA:16,2
DA:18,1
DA:19,2
DA:27,1
DA:33,1
DA:34,4
DA:40,2
DA:42,1
DA:43,2
LF:12
LH:10
end_of_record
SF:lib/data/datasources/book_remote_data_source.dart
DA:8,0
DA:10,0
DA:11,0
DA:13,0
DA:15,0
DA:16,0
DA:17,0
DA:18,0
DA:19,0
DA:22,0
DA:23,0
DA:27,0
DA:28,0
DA:29,0
DA:30,0
DA:31,0
DA:33,0
LF:17
LH:0
end_of_record
SF:lib/data/models/book_model.dart
DA:4,0
DA:13,0
DA:24,0
DA:25,0
DA:26,0
DA:27,0
DA:28,0
DA:29,0
DA:30,0
DA:31,0
DA:32,0
DA:33,0
DA:34,0
LF:13
LH:0
end_of_record
SF:lib/domain/entities/book_detail.dart
DA:7,0
DA:14,0
DA:15,0
DA:16,0
DA:17,0
DA:18,0
DA:19,0
LF:7
LH:0
end_of_record
SF:lib/data/repositories/book_repository_impl.dart
DA:9,1
DA:11,0
DA:13,0
DA:16,0
DA:18,0
LF:5
LH:1
end_of_record
